Build started 2015-05-31 18:10:36.
     1>Project "C:\Users\Maciek\Documents\GitHub\PROI_ASN\PROI_ASN\PROI_ASN.vcxproj" on node 2 (build target(s)).
     1>InitializeBuildStatus:
         Creating "Debug\PROI_ASN.unsuccessfulbuild" because "AlwaysCreate" was specified.
       ClCompile:
         C:\Program Files (x86)\Microsoft Visual Studio 10.0\VC\bin\CL.exe /c /ZI /nologo /W3 /WX- /Od /Oy- /D _MBCS /Gm /EHsc /RTC1 /MDd /GS /fp:precise /Zc:wchar_t /Zc:forScope /Fo"Debug\\" /Fd"Debug\vc100.pdb" /Gd /TP /analyze- /errorReport:prompt asn_person.cpp asn_sequence.cpp
         asn_sequence.cpp
         asn_person.cpp
         Generating Code...
       Link:
         C:\Program Files (x86)\Microsoft Visual Studio 10.0\VC\bin\link.exe /ERRORREPORT:PROMPT /OUT:"C:\Users\Maciek\Documents\GitHub\PROI_ASN\Debug\PROI_ASN.exe" /NOLOGO kernel32.lib user32.lib gdi32.lib winspool.lib comdlg32.lib advapi32.lib shell32.lib ole32.lib oleaut32.lib uuid.lib odbc32.lib odbccp32.lib /MANIFEST /ManifestFile:"Debug\PROI_ASN.exe.intermediate.manifest" /MANIFESTUAC:"level='asInvoker' uiAccess='false'" /DEBUG /PDB:"C:\Users\Maciek\Documents\GitHub\PROI_ASN\Debug\PROI_ASN.pdb" /TLBID:1 /DYNAMICBASE /NXCOMPAT /IMPLIB:"C:\Users\Maciek\Documents\GitHub\PROI_ASN\Debug\PROI_ASN.lib" /MACHINE:X86 Debug\asn_int.obj
         Debug\asn_object.obj
         Debug\asn_person.obj
         Debug\asn_sequence.obj
         Debug\asn_string.obj
         Debug\main.obj
         LINK : C:\Users\Maciek\Documents\GitHub\PROI_ASN\Debug\PROI_ASN.exe not found or not built by the last incremental link; performing full link
         PROI_ASN.vcxproj -> C:\Users\Maciek\Documents\GitHub\PROI_ASN\Debug\PROI_ASN.exe
       Manifest:
         C:\Program Files (x86)\Microsoft SDKs\Windows\v7.0A\bin\mt.exe /nologo /verbose /outputresource:"C:\Users\Maciek\Documents\GitHub\PROI_ASN\Debug\PROI_ASN.exe;#1" /manifest Debug\PROI_ASN.exe.intermediate.manifest
       FinalizeBuildStatus:
         Deleting file "Debug\PROI_ASN.unsuccessfulbuild".
         Touching "Debug\PROI_ASN.lastbuildstate".
     1>Done Building Project "C:\Users\Maciek\Documents\GitHub\PROI_ASN\PROI_ASN\PROI_ASN.vcxproj" (build target(s)).

Build succeeded.

Time Elapsed 00:00:01.20
